#
# There is insufficient memory for the Java Runtime Environment to continue.
# Native memory allocation (malloc) failed to allocate 1110256 bytes for Chunk::new
# Possible reasons:
#   The system is out of physical RAM or swap space
#   The process is running with CompressedOops enabled, and the Java Heap may be blocking the growth of the native heap
# Possible solutions:
#   Reduce memory load on the system
#   Increase physical memory or swap space
#   Check if swap backing store is full
#   Decrease Java heap size (-Xmx/-Xms)
#   Decrease number of Java threads
#   Decrease Java thread stack sizes (-Xss)
#   Set larger code cache with -XX:ReservedCodeCacheSize=
#   JVM is running with Zero Based Compressed Oops mode in which the Java heap is
#     placed in the first 32GB address space. The Java Heap base address is the
#     maximum limit for the native heap growth. Please use -XX:HeapBaseMinAddress
#     to set the Java Heap base and to place the Java Heap above 32GB virtual address.
# This output file may be truncated or incomplete.
#
#  Out of Memory Error (arena.cpp:189), pid=32600, tid=396
#
# JRE version: OpenJDK Runtime Environment (17.0.1+12) (build 17.0.1+12-39)
# Java VM: OpenJDK 64-Bit Server VM (17.0.1+12-39, mixed mode, sharing, tiered, compressed oops, compressed class ptrs, g1 gc, windows-amd64)
# No core dump will be written. Minidumps are not enabled by default on client versions of Windows
#

---------------  S U M M A R Y ------------

Command Line: -javaagent:C:\Users\284710\AppData\Local\JetBrains\IntelliJ IDEA Community Edition 2024.1.4\lib\idea_rt.jar=55114:C:\Users\284710\AppData\Local\JetBrains\IntelliJ IDEA Community Edition 2024.1.4\bin -Dfile.encoding=UTF-8 com.ust.ApiGateway.ApiGatewayApplication

Host: 11th Gen Intel(R) Core(TM) i7-1185G7 @ 3.00GHz, 8 cores, 15G,  Windows 10 , 64 bit Build 19041 (10.0.19041.4717)
Time: Sat Aug 31 10:22:14 2024 India Standard Time elapsed time: 4.208903 seconds (0d 0h 0m 4s)

---------------  T H R E A D  ---------------

Current thread (0x0000019c52427ab0):  JavaThread "C2 CompilerThread0" daemon [_thread_in_native, id=396, stack(0x000000540d700000,0x000000540d800000)]


Current CompileTask:
C2:   4209 1436       4       org.springframework.boot.context.properties.source.ConfigurationPropertyName$ElementsParser::parse (234 bytes)

Stack: [0x000000540d700000,0x000000540d800000]
Native frames: (J=compiled Java code, j=interpreted, Vv=VM code, C=native code)
V  [jvm.dll+0x66fa1a]
V  [jvm.dll+0x7ce5a4]
V  [jvm.dll+0x7cfd4e]
V  [jvm.dll+0x7d03b3]
V  [jvm.dll+0x242b05]
V  [jvm.dll+0xaa05b]
V  [jvm.dll+0xaa5ec]
V  [jvm.dll+0x35f9b2]
V  [jvm.dll+0x329f51]
V  [jvm.dll+0x3293fa]
V  [jvm.dll+0x215bf1]
V  [jvm.dll+0x215011]
V  [jvm.dll+0x1a168d]
V  [jvm.dll+0x224848]
V  [jvm.dll+0x2229ac]
V  [jvm.dll+0x78435b]
V  [jvm.dll+0x77e91a]
V  [jvm.dll+0x66e845]
C  [ucrtbase.dll+0x21bb2]
C  [KERNEL32.DLL+0x17374]
C  [ntdll.dll+0x4cc91]


---------------  P R O C E S S  ---------------

Threads class SMR info:
_java_thread_list=0x0000019c53b294b0, length=14, elements={
0x0000019c2f965e00, 0x0000019c5240aa10, 0x0000019c5240b5c0, 0x0000019c5241bcf0,
0x0000019c5241c7b0, 0x0000019c52421920, 0x0000019c52425f70, 0x0000019c52427ab0,
0x0000019c52428cf0, 0x0000019c5243a640, 0x0000019c530e6b60, 0x0000019c5327a0b0,
0x0000019c5327a580, 0x0000019c54028700
}

Java Threads: ( => current thread )
  0x0000019c2f965e00 JavaThread "main" [_thread_in_native, id=46392, stack(0x000000540ca00000,0x000000540cb00000)]
  0x0000019c5240aa10 JavaThread "Reference Handler" daemon [_thread_blocked, id=30556, stack(0x000000540d100000,0x000000540d200000)]
  0x0000019c5240b5c0 JavaThread "Finalizer" daemon [_thread_blocked, id=13176, stack(0x000000540d200000,0x000000540d300000)]
  0x0000019c5241bcf0 JavaThread "Signal Dispatcher" daemon [_thread_blocked, id=18920, stack(0x000000540d300000,0x000000540d400000)]
  0x0000019c5241c7b0 JavaThread "Attach Listener" daemon [_thread_blocked, id=31716, stack(0x000000540d400000,0x000000540d500000)]
  0x0000019c52421920 JavaThread "Service Thread" daemon [_thread_blocked, id=44140, stack(0x000000540d500000,0x000000540d600000)]
  0x0000019c52425f70 JavaThread "Monitor Deflation Thread" daemon [_thread_blocked, id=29284, stack(0x000000540d600000,0x000000540d700000)]
=>0x0000019c52427ab0 JavaThread "C2 CompilerThread0" daemon [_thread_in_native, id=396, stack(0x000000540d700000,0x000000540d800000)]
  0x0000019c52428cf0 JavaThread "C1 CompilerThread0" daemon [_thread_blocked, id=40228, stack(0x000000540d800000,0x000000540d900000)]
  0x0000019c5243a640 JavaThread "Sweeper thread" daemon [_thread_blocked, id=34412, stack(0x000000540d900000,0x000000540da00000)]
  0x0000019c530e6b60 JavaThread "Common-Cleaner" daemon [_thread_blocked, id=13236, stack(0x000000540da00000,0x000000540db00000)]
  0x0000019c5327a0b0 JavaThread "Monitor Ctrl-Break" daemon [_thread_in_native, id=5240, stack(0x000000540dc00000,0x000000540dd00000)]
  0x0000019c5327a580 JavaThread "Notification Thread" daemon [_thread_blocked, id=16700, stack(0x000000540dd00000,0x000000540de00000)]
  0x0000019c54028700 JavaThread "C2 CompilerThread1" daemon [_thread_blocked, id=30216, stack(0x000000540e300000,0x000000540e400000)]

Other Threads:
  0x0000019c52403b00 VMThread "VM Thread" [stack: 0x000000540d000000,0x000000540d100000] [id=14756]
  0x0000019c2f9cd8e0 WatcherThread [stack: 0x000000540de00000,0x000000540df00000] [id=19564]
  0x0000019c2f9b3dd0 GCTaskThread "GC Thread#0" [stack: 0x000000540cb00000,0x000000540cc00000] [id=14960]
  0x0000019c537bff10 GCTaskThread "GC Thread#1" [stack: 0x000000540db00000,0x000000540dc00000] [id=33088]
  0x0000019c537c01c0 GCTaskThread "GC Thread#2" [stack: 0x000000540df00000,0x000000540e000000] [id=48988]
  0x0000019c537aa770 GCTaskThread "GC Thread#3" [stack: 0x000000540e000000,0x000000540e100000] [id=10292]
  0x0000019c537ab320 GCTaskThread "GC Thread#4" [stack: 0x000000540e100000,0x000000540e200000] [id=42328]
  0x0000019c537ee680 GCTaskThread "GC Thread#5" [stack: 0x000000540e200000,0x000000540e300000] [id=14316]
  0x0000019c2f9c5830 ConcurrentGCThread "G1 Main Marker" [stack: 0x000000540cc00000,0x000000540cd00000] [id=48116]
  0x0000019c2f9c7250 ConcurrentGCThread "G1 Conc#0" [stack: 0x000000540cd00000,0x000000540ce00000] [id=26028]
  0x0000019c522c30e0 ConcurrentGCThread "G1 Refine#0" [stack: 0x000000540ce00000,0x000000540cf00000] [id=27876]
  0x0000019c522c3b00 ConcurrentGCThread "G1 Service" [stack: 0x000000540cf00000,0x000000540d000000] [id=40584]

Threads with active compile tasks:
C2 CompilerThread0     4277 1436       4       org.springframework.boot.context.properties.source.ConfigurationPropertyName$ElementsParser::parse (234 bytes)

VM state: not at safepoint (normal execution)

VM Mutex/Monitor currently owned by a thread: None

Heap address: 0x0000000704e00000, size: 4018 MB, Compressed Oops mode: Zero based, Oop shift amount: 3

CDS archive(s) mapped at: [0x0000000800000000-0x0000000800bc0000-0x0000000800bc0000), size 12320768, SharedBaseAddress: 0x0000000800000000, ArchiveRelocationMode: 0.
Compressed class space mapped at: 0x0000000800c00000-0x0000000840c00000, reserved size: 1073741824
Narrow klass base: 0x0000000800000000, Narrow klass shift: 0, Narrow klass range: 0x100000000

GC Precious Log:
 CPUs: 8 total, 8 available
 Memory: 16064M
 Large Page Support: Disabled
 NUMA Support: Disabled
 Compressed Oops: Enabled (Zero based)
 Heap Region Size: 2M
 Heap Min Capacity: 8M
 Heap Initial Capacity: 252M
 Heap Max Capacity: 4018M
 Pre-touch: Disabled
 Parallel Workers: 8
 Concurrent Workers: 2
 Concurrent Refinement Workers: 8
 Periodic GC: Disabled

Heap:
 garbage-first heap   total 258048K, used 30333K [0x0000000704e00000, 0x0000000800000000)
  region size 2048K, 15 young (30720K), 2 survivors (4096K)
 Metaspace       used 8202K, committed 8384K, reserved 1064960K
  class space    used 1022K, committed 1088K, reserved 1048576K

Heap Regions: E=young(eden), S=young(survivor), O=old, HS=humongous(starts), HC=humongous(continues), CS=collection set, F=free, OA=open archive, CA=closed archive, TAMS=top-at-mark-start (previous, next)
|   0|0x0000000704e00000, 0x0000000704f9f600, 0x0000000705000000| 81%| O|  |TAMS 0x0000000704e00000, 0x0000000704e00000| Untracked 
|   1|0x0000000705000000, 0x0000000705000000, 0x0000000705200000|  0%| F|  |TAMS 0x0000000705000000, 0x0000000705000000| Untracked 
|   2|0x0000000705200000, 0x0000000705200000, 0x0000000705400000|  0%| F|  |TAMS 0x0000000705200000, 0x0000000705200000| Untracked 
|   3|0x0000000705400000, 0x0000000705400000, 0x0000000705600000|  0%| F|  |TAMS 0x0000000705400000, 0x0000000705400000| Untracked 
|   4|0x0000000705600000, 0x0000000705600000, 0x0000000705800000|  0%| F|  |TAMS 0x0000000705600000, 0x0000000705600000| Untracked 
|   5|0x0000000705800000, 0x0000000705800000, 0x0000000705a00000|  0%| F|  |TAMS 0x0000000705800000, 0x0000000705800000| Untracked 
|   6|0x0000000705a00000, 0x0000000705a00000, 0x0000000705c00000|  0%| F|  |TAMS 0x0000000705a00000, 0x0000000705a00000| Untracked 
|   7|0x0000000705c00000, 0x0000000705c00000, 0x0000000705e00000|  0%| F|  |TAMS 0x0000000705c00000, 0x0000000705c00000| Untracked 
|   8|0x0000000705e00000, 0x0000000705e00000, 0x0000000706000000|  0%| F|  |TAMS 0x0000000705e00000, 0x0000000705e00000| Untracked 
|   9|0x0000000706000000, 0x0000000706000000, 0x0000000706200000|  0%| F|  |TAMS 0x0000000706000000, 0x0000000706000000| Untracked 
|  10|0x0000000706200000, 0x0000000706200000, 0x0000000706400000|  0%| F|  |TAMS 0x0000000706200000, 0x0000000706200000| Untracked 
|  11|0x0000000706400000, 0x0000000706400000, 0x0000000706600000|  0%| F|  |TAMS 0x0000000706400000, 0x0000000706400000| Untracked 
|  12|0x0000000706600000, 0x0000000706600000, 0x0000000706800000|  0%| F|  |TAMS 0x0000000706600000, 0x0000000706600000| Untracked 
|  13|0x0000000706800000, 0x0000000706800000, 0x0000000706a00000|  0%| F|  |TAMS 0x0000000706800000, 0x0000000706800000| Untracked 
|  14|0x0000000706a00000, 0x0000000706a00000, 0x0000000706c00000|  0%| F|  |TAMS 0x0000000706a00000, 0x0000000706a00000| Untracked 
|  15|0x0000000706c00000, 0x0000000706c00000, 0x0000000706e00000|  0%| F|  |TAMS 0x0000000706c00000, 0x0000000706c00000| Untracked 
|  16|0x0000000706e00000, 0x0000000706e00000, 0x0000000707000000|  0%| F|  |TAMS 0x0000000706e00000, 0x0000000706e00000| Untracked 
|  17|0x0000000707000000, 0x0000000707000000, 0x0000000707200000|  0%| F|  |TAMS 0x0000000707000000, 0x0000000707000000| Untracked 
|  18|0x0000000707200000, 0x0000000707200000, 0x0000000707400000|  0%| F|  |TAMS 0x0000000707200000, 0x0000000707200000| Untracked 
|  19|0x0000000707400000, 0x0000000707400000, 0x0000000707600000|  0%| F|  |TAMS 0x0000000707400000, 0x0000000707400000| Untracked 
|  20|0x0000000707600000, 0x0000000707600000, 0x0000000707800000|  0%| F|  |TAMS 0x0000000707600000, 0x0000000707600000| Untracked 
|  21|0x0000000707800000, 0x0000000707800000, 0x0000000707a00000|  0%| F|  |TAMS 0x0000000707800000, 0x0000000707800000| Untracked 
|  22|0x0000000707a00000, 0x0000000707a00000, 0x0000000707c00000|  0%| F|  |TAMS 0x0000000707a00000, 0x0000000707a00000| Untracked 
|  23|0x0000000707c00000, 0x0000000707c00000, 0x0000000707e00000|  0%| F|  |TAMS 0x0000000707c00000, 0x0000000707c00000| Untracked 
|  24|0x0000000707e00000, 0x0000000707e00000, 0x0000000708000000|  0%| F|  |TAMS 0x0000000707e00000, 0x0000000707e00000| Untracked 
|  25|0x0000000708000000, 0x0000000708000000, 0x0000000708200000|  0%| F|  |TAMS 0x0000000708000000, 0x0000000708000000| Untracked 
|  26|0x0000000708200000, 0x0000000708200000, 0x0000000708400000|  0%| F|  |TAMS 0x0000000708200000, 0x0000000708200000| Untracked 
|  27|0x0000000708400000, 0x0000000708400000, 0x0000000708600000|  0%| F|  |TAMS 0x0000000708400000, 0x0000000708400000| Untracked 
|  28|0x0000000708600000, 0x0000000708600000, 0x0000000708800000|  0%| F|  |TAMS 0x0000000708600000, 0x0000000708600000| Untracked 
|  29|0x0000000708800000, 0x0000000708800000, 0x0000000708a00000|  0%| F|  |TAMS 0x0000000708800000, 0x0000000708800000| Untracked 
|  30|0x0000000708a00000, 0x0000000708a00000, 0x0000000708c00000|  0%| F|  |TAMS 0x0000000708a00000, 0x0000000708a00000| Untracked 
|  31|0x0000000708c00000, 0x0000000708c00000, 0x0000000708e00000|  0%| F|  |TAMS 0x0000000708c00000, 0x0000000708c00000| Untracked 
|  32|0x0000000708e00000, 0x0000000708e00000, 0x0000000709000000|  0%| F|  |TAMS 0x0000000708e00000, 0x0000000708e00000| Untracked 
|  33|0x0000000709000000, 0x0000000709000000, 0x0000000709200000|  0%| F|  |TAMS 0x0000000709000000, 0x0000000709000000| Untracked 
|  34|0x0000000709200000, 0x0000000709200000, 0x0000000709400000|  0%| F|  |TAMS 0x0000000709200000, 0x0000000709200000| Untracked 
|  35|0x0000000709400000, 0x0000000709400000, 0x0000000709600000|  0%| F|  |TAMS 0x0000000709400000, 0x0000000709400000| Untracked 
|  36|0x0000000709600000, 0x0000000709600000, 0x0000000709800000|  0%| F|  |TAMS 0x0000000709600000, 0x0000000709600000| Untracked 
|  37|0x0000000709800000, 0x0000000709800000, 0x0000000709a00000|  0%| F|  |TAMS 0x0000000709800000, 0x0000000709800000| Untracked 
|  38|0x0000000709a00000, 0x0000000709a00000, 0x0000000709c00000|  0%| F|  |TAMS 0x0000000709a00000, 0x0000000709a00000| Untracked 
|  39|0x0000000709c00000, 0x0000000709c00000, 0x0000000709e00000|  0%| F|  |TAMS 0x0000000709c00000, 0x0000000709c00000| Untracked 
|  40|0x0000000709e00000, 0x0000000709e00000, 0x000000070a000000|  0%| F|  |TAMS 0x0000000709e00000, 0x0000000709e00000| Untracked 
|  41|0x000000070a000000, 0x000000070a000000, 0x000000070a200000|  0%| F|  |TAMS 0x000000070a000000, 0x000000070a000000| Untracked 
|  42|0x000000070a200000, 0x000000070a200000, 0x000000070a400000|  0%| F|  |TAMS 0x000000070a200000, 0x000000070a200000| Untracked 
|  43|0x000000070a400000, 0x000000070a400000, 0x000000070a600000|  0%| F|  |TAMS 0x000000070a400000, 0x000000070a400000| Untracked 
|  44|0x000000070a600000, 0x000000070a600000, 0x000000070a800000|  0%| F|  |TAMS 0x000000070a600000, 0x000000070a600000| Untracked 
|  45|0x000000070a800000, 0x000000070a800000, 0x000000070aa00000|  0%| F|  |TAMS 0x000000070a800000, 0x000000070a800000| Untracked 
|  46|0x000000070aa00000, 0x000000070aa00000, 0x000000070ac00000|  0%| F|  |TAMS 0x000000070aa00000, 0x000000070aa00000| Untracked 
|  47|0x000000070ac00000, 0x000000070ac00000, 0x000000070ae00000|  0%| F|  |TAMS 0x000000070ac00000, 0x000000070ac00000| Untracked 
|  48|0x000000070ae00000, 0x000000070ae00000, 0x000000070b000000|  0%| F|  |TAMS 0x000000070ae00000, 0x000000070ae00000| Untracked 
|  49|0x000000070b000000, 0x000000070b000000, 0x000000070b200000|  0%| F|  |TAMS 0x000000070b000000, 0x000000070b000000| Untracked 
|  50|0x000000070b200000, 0x000000070b200000, 0x000000070b400000|  0%| F|  |TAMS 0x000000070b200000, 0x000000070b200000| Untracked 
|  51|0x000000070b400000, 0x000000070b400000, 0x000000070b600000|  0%| F|  |TAMS 0x000000070b400000, 0x000000070b400000| Untracked 
|  52|0x000000070b600000, 0x000000070b600000, 0x000000070b800000|  0%| F|  |TAMS 0x000000070b600000, 0x000000070b600000| Untracked 
|  53|0x000000070b800000, 0x000000070b800000, 0x000000070ba00000|  0%| F|  |TAMS 0x000000070b800000, 0x000000070b800000| Untracked 
|  54|0x000000070ba00000, 0x000000070ba00000, 0x000000070bc00000|  0%| F|  |TAMS 0x000000070ba00000, 0x000000070ba00000| Untracked 
|  55|0x000000070bc00000, 0x000000070bc00000, 0x000000070be00000|  0%| F|  |TAMS 0x000000070bc00000, 0x000000070bc00000| Untracked 
|  56|0x000000070be00000, 0x000000070be00000, 0x000000070c000000|  0%| F|  |TAMS 0x000000070be00000, 0x000000070be00000| Untracked 
|  57|0x000000070c000000, 0x000000070c000000, 0x000000070c200000|  0%| F|  |TAMS 0x000000070c000000, 0x000000070c000000| Untracked 
|  58|0x000000070c200000, 0x000000070c200000, 0x000000070c400000|  0%| F|  |TAMS 0x000000070c200000, 0x000000070c200000| Untracked 
|  59|0x000000070c400000, 0x000000070c400000, 0x000000070c600000|  0%| F|  |TAMS 0x000000070c400000, 0x000000070c400000| Untracked 
|  60|0x000000070c600000, 0x000000070c600000, 0x000000070c800000|  0%| F|  |TAMS 0x000000070c600000, 0x000000070c600000| Untracked 
|  61|0x000000070c800000, 0x000000070c800000, 0x000000070ca00000|  0%| F|  |TAMS 0x000000070c800000, 0x000000070c800000| Untracked 
|  62|0x000000070ca00000, 0x000000070ca00000, 0x000000070cc00000|  0%| F|  |TAMS 0x000000070ca00000, 0x000000070ca00000| Untracked 
|  63|0x000000070cc00000, 0x000000070cc00000, 0x000000070ce00000|  0%| F|  |TAMS 0x000000070cc00000, 0x000000070cc00000| Untracked 
|  64|0x000000070ce00000, 0x000000070ce00000, 0x000000070d000000|  0%| F|  |TAMS 0x000000070ce00000, 0x000000070ce00000| Untracked 
|  65|0x000000070d000000, 0x000000070d000000, 0x000000070d200000|  0%| F|  |TAMS 0x000000070d000000, 0x000000070d000000| Untracked 
|  66|0x000000070d200000, 0x000000070d200000, 0x000000070d400000|  0%| F|  |TAMS 0x000000070d200000, 0x000000070d200000| Untracked 
|  67|0x000000070d400000, 0x000000070d400000, 0x000000070d600000|  0%| F|  |TAMS 0x000000070d400000, 0x000000070d400000| Untracked 
|  68|0x000000070d600000, 0x000000070d600000, 0x000000070d800000|  0%| F|  |TAMS 0x000000070d600000, 0x000000070d600000| Untracked 
|  69|0x000000070d800000, 0x000000070d800000, 0x000000070da00000|  0%| F|  |TAMS 0x000000070d800000, 0x000000070d800000| Untracked 
|  70|0x000000070da00000, 0x000000070da00000, 0x000000070dc00000|  0%| F|  |TAMS 0x000000070da00000, 0x000000070da00000| Untracked 
|  71|0x000000070dc00000, 0x000000070dc00000, 0x000000070de00000|  0%| F|  |TAMS 0x000000070dc00000, 0x000000070dc00000| Untracked 
|  72|0x000000070de00000, 0x000000070de00000, 0x000000070e000000|  0%| F|  |TAMS 0x000000070de00000, 0x000000070de00000| Untracked 
|  73|0x000000070e000000, 0x000000070e000000, 0x000000070e200000|  0%| F|  |TAMS 0x000000070e000000, 0x000000070e000000| Untracked 
|  74|0x000000070e200000, 0x000000070e200000, 0x000000070e400000|  0%| F|  |TAMS 0x000000070e200000, 0x000000070e200000| Untracked 
|  75|0x000000070e400000, 0x000000070e400000, 0x000000070e600000|  0%| F|  |TAMS 0x000000070e400000, 0x000000070e400000| Untracked 
|  76|0x000000070e600000, 0x000000070e600000, 0x000000070e800000|  0%| F|  |TAMS 0x000000070e600000, 0x000000070e600000| Untracked 
|  77|0x000000070e800000, 0x000000070e800000, 0x000000070ea00000|  0%| F|  |TAMS 0x000000070e800000, 0x000000070e800000| Untracked 
|  78|0x000000070ea00000, 0x000000070ea00000, 0x000000070ec00000|  0%| F|  |TAMS 0x000000070ea00000, 0x000000070ea00000| Untracked 
|  79|0x000000070ec00000, 0x000000070ec00000, 0x000000070ee00000|  0%| F|  |TAMS 0x000000070ec00000, 0x000000070ec00000| Untracked 
|  80|0x000000070ee00000, 0x000000070ee00000, 0x000000070f000000|  0%| F|  |TAMS 0x000000070ee00000, 0x000000070ee00000| Untracked 
|  81|0x000000070f000000, 0x000000070f000000, 0x000000070f200000|  0%| F|  |TAMS 0x000000070f000000, 0x000000070f000000| Untracked 
|  82|0x000000070f200000, 0x000000070f200000, 0x000000070f400000|  0%| F|  |TAMS 0x000000070f200000, 0x000000070f200000| Untracked 
|  83|0x000000070f400000, 0x000000070f400000, 0x000000070f600000|  0%| F|  |TAMS 0x000000070f400000, 0x000000070f400000| Untracked 
|  84|0x000000070f600000, 0x000000070f600000, 0x000000070f800000|  0%| F|  |TAMS 0x000000070f600000, 0x000000070f600000| Untracked 
|  85|0x000000070f800000, 0x000000070f800000, 0x000000070fa00000|  0%| F|  |TAMS 0x000000070f800000, 0x000000070f800000| Untracked 
|  86|0x000000070fa00000, 0x000000070fa00000, 0x000000070fc00000|  0%| F|  |TAMS 0x000000070fa00000, 0x000000070fa00000| Untracked 
|  87|0x000000070fc00000, 0x000000070fc00000, 0x000000070fe00000|  0%| F|  |TAMS 0x000000070fc00000, 0x000000070fc00000| Untracked 
|  88|0x000000070fe00000, 0x000000070fe00000, 0x0000000710000000|  0%| F|  |TAMS 0x000000070fe00000, 0x000000070fe00000| Untracked 
|  89|0x0000000710000000, 0x0000000710000000, 0x0000000710200000|  0%| F|  |TAMS 0x0000000710000000, 0x0000000710000000| Untracked 
|  90|0x0000000710200000, 0x0000000710200000, 0x0000000710400000|  0%| F|  |TAMS 0x0000000710200000, 0x0000000710200000| Untracked 
|  91|0x0000000710400000, 0x0000000710400000, 0x0000000710600000|  0%| F|  |TAMS 0x0000000710400000, 0x0000000710400000| Untracked 
|  92|0x0000000710600000, 0x0000000710600000, 0x0000000710800000|  0%| F|  |TAMS 0x0000000710600000, 0x0000000710600000| Untracked 
|  93|0x0000000710800000, 0x0000000710800000, 0x0000000710a00000|  0%| F|  |TAMS 0x0000000710800000, 0x0000000710800000| Untracked 
|  94|0x0000000710a00000, 0x0000000710a00000, 0x0000000710c00000|  0%| F|  |TAMS 0x0000000710a00000, 0x0000000710a00000| Untracked 
|  95|0x0000000710c00000, 0x0000000710c00000, 0x0000000710e00000|  0%| F|  |TAMS 0x0000000710c00000, 0x0000000710c00000| Untracked 
|  96|0x0000000710e00000, 0x0000000710e00000, 0x0000000711000000|  0%| F|  |TAMS 0x0000000710e00000, 0x0000000710e00000| Untracked 
|  97|0x0000000711000000, 0x0000000711000000, 0x0000000711200000|  0%| F|  |TAMS 0x0000000711000000, 0x0000000711000000| Untracked 
|  98|0x0000000711200000, 0x0000000711200000, 0x0000000711400000|  0%| F|  |TAMS 0x0000000711200000, 0x0000000711200000| Untracked 
|  99|0x0000000711400000, 0x0000000711400000, 0x0000000711600000|  0%| F|  |TAMS 0x0000000711400000, 0x0000000711400000| Untracked 
| 100|0x0000000711600000, 0x0000000711600000, 0x0000000711800000|  0%| F|  |TAMS 0x0000000711600000, 0x0000000711600000| Untracked 
| 101|0x0000000711800000, 0x0000000711800000, 0x0000000711a00000|  0%| F|  |TAMS 0x0000000711800000, 0x0000000711800000| Untracked 
| 102|0x0000000711a00000, 0x0000000711a00000, 0x0000000711c00000|  0%| F|  |TAMS 0x0000000711a00000, 0x0000000711a00000| Untracked 
| 103|0x0000000711c00000, 0x0000000711c00000, 0x0000000711e00000|  0%| F|  |TAMS 0x0000000711c00000, 0x0000000711c00000| Untracked 
| 104|0x0000000711e00000, 0x0000000711e00000, 0x0000000712000000|  0%| F|  |TAMS 0x0000000711e00000, 0x0000000711e00000| Untracked 
| 105|0x0000000712000000, 0x0000000712000000, 0x0000000712200000|  0%| F|  |TAMS 0x0000000712000000, 0x0000000712000000| Untracked 
| 106|0x0000000712200000, 0x0000000712200000, 0x0000000712400000|  0%| F|  |TAMS 0x0000000712200000, 0x0000000712200000| Untracked 
| 107|0x0000000712400000, 0x0000000712400000, 0x0000000712600000|  0%| F|  |TAMS 0x0000000712400000, 0x0000000712400000| Untracked 
| 108|0x0000000712600000, 0x0000000712600000, 0x0000000712800000|  0%| F|  |TAMS 0x0000000712600000, 0x0000000712600000| Untracked 
| 109|0x0000000712800000, 0x0000000712800000, 0x0000000712a00000|  0%| F|  |TAMS 0x0000000712800000, 0x0000000712800000| Untracked 
| 110|0x0000000712a00000, 0x0000000712a00000, 0x0000000712c00000|  0%| F|  |TAMS 0x0000000712a00000, 0x0000000712a00000| Untracked 
| 111|0x0000000712c00000, 0x0000000712d86a50, 0x0000000712e00000| 76%| E|  |TAMS 0x0000000712c00000, 0x0000000712c00000| Complete 
| 112|0x0000000712e00000, 0x0000000713000000, 0x0000000713000000|100%| E|CS|TAMS 0x0000000712e00000, 0x0000000712e00000| Complete 
| 113|0x0000000713000000, 0x0000000713200000, 0x0000000713200000|100%| S|CS|TAMS 0x0000000713000000, 0x0000000713000000| Complete 
| 114|0x0000000713200000, 0x0000000713400000, 0x0000000713400000|100%| S|CS|TAMS 0x0000000713200000, 0x0000000713200000| Complete 
| 115|0x0000000713400000, 0x0000000713600000, 0x0000000713600000|100%| E|CS|TAMS 0x0000000713400000, 0x0000000713400000| Complete 
| 116|0x0000000713600000, 0x0000000713800000, 0x0000000713800000|100%| E|CS|TAMS 0x0000000713600000, 0x0000000713600000| Complete 
| 117|0x0000000713800000, 0x0000000713a00000, 0x0000000713a00000|100%| E|CS|TAMS 0x0000000713800000, 0x0000000713800000| Complete 
| 118|0x0000000713a00000, 0x0000000713c00000, 0x0000000713c00000|100%| E|CS|TAMS 0x0000000713a00000, 0x0000000713a00000| Complete 
| 119|0x0000000713c00000, 0x0000000713e00000, 0x0000000713e00000|100%| E|CS|TAMS 0x0000000713c00000, 0x0000000713c00000| Complete 
| 120|0x0000000713e00000, 0x0000000714000000, 0x0000000714000000|100%| E|CS|TAMS 0x0000000713e00000, 0x0000000713e00000| Complete 
| 121|0x0000000714000000, 0x0000000714200000, 0x0000000714200000|100%| E|CS|TAMS 0x0000000714000000, 0x0000000714000000| Complete 
| 122|0x0000000714200000, 0x0000000714400000, 0x0000000714400000|100%| E|CS|TAMS 0x0000000714200000, 0x0000000714200000| Complete 
| 123|0x0000000714400000, 0x0000000714600000, 0x0000000714600000|100%| E|CS|TAMS 0x0000000714400000, 0x0000000714400000| Complete 
| 124|0x0000000714600000, 0x0000000714800000, 0x0000000714800000|100%| E|CS|TAMS 0x0000000714600000, 0x0000000714600000| Complete 
| 125|0x0000000714800000, 0x0000000714a00000, 0x0000000714a00000|100%| E|CS|TAMS 0x0000000714800000, 0x0000000714800000| Complete 

Card table byte_map: [0x0000019c46c60000,0x0000019c47440000] _byte_map_base: 0x0000019c43439000

Marking Bits (Prev, Next): (CMBitMap*) 0x0000019c2f9b53f0, (CMBitMap*) 0x0000019c2f9b5430
 Prev Bits: [0x0000019c47c20000, 0x0000019c4bae8000)
 Next Bits: [0x0000019c4baf0000, 0x0000019c4f9b8000)

Polling page: 0x0000019c2d890000

Metaspace:

Usage:
  Non-class:      7.01 MB used.
      Class:   1022.65 KB used.
       Both:      8.01 MB used.

Virtual space:
  Non-class space:       16.00 MB reserved,       7.12 MB ( 45%) committed,  2 nodes.
      Class space:        1.00 GB reserved,       1.06 MB ( <1%) committed,  1 nodes.
             Both:        1.02 GB reserved,       8.19 MB ( <1%) committed. 

Chunk freelists:
   Non-Class:  3.97 MB
       Class:  2.75 MB
        Both:  6.72 MB

MaxMetaspaceSize: unlimited
CompressedClassSpaceSize: 1.00 GB
Initial GC threshold: 21.00 MB
Current GC threshold: 21.00 MB
CDS: on
MetaspaceReclaimPolicy: balanced
 - commit_granule_bytes: 65536.
 - commit_granule_words: 8192.
 - virtual_space_node_default_size: 1048576.
 - enlarge_chunks_in_place: 1.
 - new_chunks_are_fully_committed: 0.
 - uncommit_free_chunks: 1.
 - use_allocation_guard: 0.
 - handle_deallocations: 1.


Internal statistics:

num_allocs_failed_limit: 0.
num_arena_births: 202.
num_arena_deaths: 0.
num_vsnodes_births: 3.
num_vsnodes_deaths: 0.
num_space_committed: 131.
num_space_uncommitted: 0.
num_chunks_returned_to_freelist: 0.
num_chunks_taken_from_freelist: 462.
num_chunk_merges: 0.
num_chunk_splits: 288.
num_chunks_enlarged: 202.
num_purges: 0.
num_inconsistent_stats: 0.

CodeHeap 'non-profiled nmethods': size=120000Kb used=647Kb max_used=647Kb free=119352Kb
 bounds [0x0000019c3ec10000, 0x0000019c3ee80000, 0x0000019c46140000]
CodeHeap 'profiled nmethods': size=120000Kb used=2798Kb max_used=2798Kb free=117202Kb
 bounds [0x0000019c376e0000, 0x0000019c379a0000, 0x0000019c3ec10000]
CodeHeap 'non-nmethods': size=5760Kb used=1174Kb max_used=1199Kb free=4585Kb
 bounds [0x0000019c37140000, 0x0000019c373b0000, 0x0000019c376e0000]
 total_blobs=1992 nmethods=1543 adapters=361
 compilation: enabled
              stopped_count=0, restarted_count=0
 full_count=0

Compilation events (20 events):
Event: 4.177 Thread 0x0000019c52428cf0 nmethod 1513 0x0000019c3798ce90 code [0x0000019c3798d060, 0x0000019c3798d538]
Event: 4.177 Thread 0x0000019c52428cf0 1514       1       java.lang.reflect.Method::getDeclaringClass (5 bytes)
Event: 4.178 Thread 0x0000019c52428cf0 nmethod 1514 0x0000019c3ecaba90 code [0x0000019c3ecabc20, 0x0000019c3ecabcf8]
Event: 4.184 Thread 0x0000019c52428cf0 1522       3       java.util.Arrays::rangeCheck (74 bytes)
Event: 4.185 Thread 0x0000019c52428cf0 nmethod 1522 0x0000019c3798d710 code [0x0000019c3798d9c0, 0x0000019c3798e408]
Event: 4.187 Thread 0x0000019c52428cf0 1523       3       java.lang.invoke.ClassSpecializer$SpeciesData::fieldCount (10 bytes)
Event: 4.187 Thread 0x0000019c52428cf0 nmethod 1523 0x0000019c3798e810 code [0x0000019c3798e9c0, 0x0000019c3798eba8]
Event: 4.195 Thread 0x0000019c52428cf0 1524       3       jdk.internal.org.objectweb.asm.FieldWriter::visitEnd (1 bytes)
Event: 4.196 Thread 0x0000019c52428cf0 nmethod 1524 0x0000019c3798ec90 code [0x0000019c3798ee20, 0x0000019c3798ef38]
Event: 4.197 Thread 0x0000019c54028700 1525       4       java.lang.CharacterDataLatin1::toUpperCaseEx (71 bytes)
Event: 4.197 Thread 0x0000019c52428cf0 1526       3       java.util.ArrayDeque::isEmpty (17 bytes)
Event: 4.198 Thread 0x0000019c52428cf0 nmethod 1526 0x0000019c3798f010 code [0x0000019c3798f1a0, 0x0000019c3798f318]
Event: 4.198 Thread 0x0000019c52428cf0 1527       1       org.springframework.boot.context.properties.source.DefaultPropertyMapper$LastMapping::getMapping (5 bytes)
Event: 4.198 Thread 0x0000019c52428cf0 nmethod 1527 0x0000019c3ecad290 code [0x0000019c3ecad420, 0x0000019c3ecad4f8]
Event: 4.198 Thread 0x0000019c54028700 nmethod 1525 0x0000019c3ecad590 code [0x0000019c3ecad700, 0x0000019c3ecad7f8]
Event: 4.199 Thread 0x0000019c54028700 1528       4       org.springframework.boot.context.properties.source.ConfigurationPropertyName$Elements::get (49 bytes)
Event: 4.199 Thread 0x0000019c52428cf0 1530       3       java.util.concurrent.CopyOnWriteArrayList$COWIterator::next (32 bytes)
Event: 4.199 Thread 0x0000019c52428cf0 nmethod 1530 0x0000019c3798f390 code [0x0000019c3798f540, 0x0000019c3798f848]
Event: 4.199 Thread 0x0000019c52428cf0 1533       3       org.springframework.boot.context.properties.source.SpringIterableConfigurationPropertySource::getPropertySource (5 bytes)
Event: 4.200 Thread 0x0000019c52428cf0 nmethod 1533 0x0000019c3798f990 code [0x0000019c3798fb40, 0x0000019c3798fdd8]

GC Heap History (2 events):
Event: 1.721 GC heap before
{Heap before GC invocations=0 (full 0):
 garbage-first heap   total 258048K, used 20480K [0x0000000704e00000, 0x0000000800000000)
  region size 2048K, 11 young (22528K), 0 survivors (0K)
 Metaspace       used 1482K, committed 1664K, reserved 1056768K
  class space    used 113K, committed 192K, reserved 1048576K
}
Event: 1.729 GC heap after
{Heap after GC invocations=1 (full 0):
 garbage-first heap   total 258048K, used 5757K [0x0000000704e00000, 0x0000000800000000)
  region size 2048K, 2 young (4096K), 2 survivors (4096K)
 Metaspace       used 1482K, committed 1664K, reserved 1056768K
  class space    used 113K, committed 192K, reserved 1048576K
}

Deoptimization events (20 events):
Event: 3.919 Thread 0x0000019c2f965e00 DEOPT PACKING pc=0x0000019c3ec52ed8 sp=0x000000540cafe4e0
Event: 3.919 Thread 0x0000019c2f965e00 DEOPT UNPACKING pc=0x0000019c37195c23 sp=0x000000540cafe3e8 mode 2
Event: 3.922 Thread 0x0000019c2f965e00 DEOPT PACKING pc=0x0000019c3780967d sp=0x000000540cafa3d0
Event: 3.922 Thread 0x0000019c2f965e00 DEOPT UNPACKING pc=0x0000019c37196763 sp=0x000000540caf9858 mode 0
Event: 3.968 Thread 0x0000019c2f965e00 Uncommon trap: trap_request=0xffffff45 fr.pc=0x0000019c3ec25c68 relative=0x0000000000000448
Event: 3.968 Thread 0x0000019c2f965e00 Uncommon trap: reason=unstable_if action=reinterpret pc=0x0000019c3ec25c68 method=java.lang.StringLatin1.canEncode(I)Z @ 4 c2
Event: 3.968 Thread 0x0000019c2f965e00 DEOPT PACKING pc=0x0000019c3ec25c68 sp=0x000000540cafd620
Event: 3.968 Thread 0x0000019c2f965e00 DEOPT UNPACKING pc=0x0000019c37195c23 sp=0x000000540cafd548 mode 2
Event: 3.968 Thread 0x0000019c2f965e00 Uncommon trap: trap_request=0xffffff45 fr.pc=0x0000019c3ec2c150 relative=0x0000000000000430
Event: 3.968 Thread 0x0000019c2f965e00 Uncommon trap: reason=unstable_if action=reinterpret pc=0x0000019c3ec2c150 method=java.lang.AbstractStringBuilder.isLatin1()Z @ 10 c2
Event: 3.968 Thread 0x0000019c2f965e00 DEOPT PACKING pc=0x0000019c3ec2c150 sp=0x000000540cafd5d0
Event: 3.968 Thread 0x0000019c2f965e00 DEOPT UNPACKING pc=0x0000019c37195c23 sp=0x000000540cafd550 mode 2
Event: 3.968 Thread 0x0000019c2f965e00 Uncommon trap: trap_request=0xffffff45 fr.pc=0x0000019c3ec8f4dc relative=0x000000000000005c
Event: 3.968 Thread 0x0000019c2f965e00 Uncommon trap: reason=unstable_if action=reinterpret pc=0x0000019c3ec8f4dc method=java.lang.AbstractStringBuilder.isLatin1()Z @ 10 c2
Event: 3.968 Thread 0x0000019c2f965e00 DEOPT PACKING pc=0x0000019c3ec8f4dc sp=0x000000540cafd5b0
Event: 3.969 Thread 0x0000019c2f965e00 DEOPT UNPACKING pc=0x0000019c37195c23 sp=0x000000540cafd540 mode 2
Event: 3.969 Thread 0x0000019c2f965e00 Uncommon trap: trap_request=0xffffff45 fr.pc=0x0000019c3ec22db8 relative=0x0000000000000038
Event: 3.969 Thread 0x0000019c2f965e00 Uncommon trap: reason=unstable_if action=reinterpret pc=0x0000019c3ec22db8 method=java.lang.StringLatin1.canEncode(I)Z @ 4 c2
Event: 3.969 Thread 0x0000019c2f965e00 DEOPT PACKING pc=0x0000019c3ec22db8 sp=0x000000540cafd5c0
Event: 3.969 Thread 0x0000019c2f965e00 DEOPT UNPACKING pc=0x0000019c37195c23 sp=0x000000540cafd550 mode 2

Classes unloaded (0 events):
No events

Classes redefined (0 events):
No events

Internal exceptions (20 events):
Event: 3.517 Thread 0x0000019c2f965e00 Exception <a 'java/lang/NoSuchMethodError'{0x0000000713a90a60}: 'java.lang.Object java.lang.invoke.Invokers$Holder.invokeExact_MT(java.lang.Object, java.lang.Object, java.lang.Object, java.lang.Object, java.lang.Object, java.lang.Object)'> (0x0000000713a90a60) 
thrown [t:\workspace\open\src\hotspot\share\interpreter\linkResolver.cpp, line 766]
Event: 3.647 Thread 0x0000019c2f965e00 Exception <a 'java/lang/NoSuchMethodError'{0x00000007138b8450}: 'java.lang.Object java.lang.invoke.DirectMethodHandle$Holder.newInvokeSpecial(java.lang.Object, java.lang.Object, java.lang.Object, java.lang.Object, java.lang.Object, java.lang.Object, java.lang.Object)'> (0x00000007138b8450) 
thrown [t:\workspace\open\src\hotspot\share\interpreter\linkResolver.cpp, line 766]
Event: 3.648 Thread 0x0000019c2f965e00 Exception <a 'java/lang/NoSuchMethodError'{0x00000007138bd0b8}: 'java.lang.Object java.lang.invoke.Invokers$Holder.linkToTargetMethod(java.lang.Object, java.lang.Object, java.lang.Object, java.lang.Object, java.lang.Object, java.lang.Object, java.lang.Object)'> (0x00000007138bd0b8) 
thrown [t:\workspace\open\src\hotspot\share\interpreter\linkResolver.cpp, line 766]
Event: 3.650 Thread 0x0000019c2f965e00 Implicit null exception at 0x0000019c3ec53d94 to 0x0000019c3ec541dc
Event: 3.655 Thread 0x0000019c2f965e00 Exception <a 'java/lang/NoSuchMethodError'{0x00000007138db1e0}: 'void java.lang.invoke.DirectMethodHandle$Holder.invokeStaticInit(java.lang.Object, java.lang.Object)'> (0x00000007138db1e0) 
thrown [t:\workspace\open\src\hotspot\share\interpreter\linkResolver.cpp, line 766]
Event: 3.702 Thread 0x0000019c2f965e00 Exception <a 'java/lang/NoSuchMethodError'{0x0000000713994de0}: 'java.lang.Object java.lang.invoke.DirectMethodHandle$Holder.invokeSpecial(java.lang.Object, java.lang.Object, java.lang.Object, java.lang.Object, java.lang.Object, java.lang.Object, int)'> (0x0000000713994de0) 
thrown [t:\workspace\open\src\hotspot\share\interpreter\linkResolver.cpp, line 766]
Event: 3.703 Thread 0x0000019c2f965e00 Exception <a 'java/lang/NoSuchMethodError'{0x000000071399f348}: 'java.lang.Object java.lang.invoke.DirectMethodHandle$Holder.newInvokeSpecial(java.lang.Object, java.lang.Object, java.lang.Object, java.lang.Object, java.lang.Object, java.lang.Object, int)'> (0x000000071399f348) 
thrown [t:\workspace\open\src\hotspot\share\interpreter\linkResolver.cpp, line 766]
Event: 3.704 Thread 0x0000019c2f965e00 Exception <a 'java/lang/NoSuchMethodError'{0x00000007139a4388}: 'java.lang.Object java.lang.invoke.DirectMethodHandle$Holder.invokeSpecial(java.lang.Object, java.lang.Object, java.lang.Object, java.lang.Object, java.lang.Object, java.lang.Object, java.lang.Object, int)'> (0x00000007139a4388) 
thrown [t:\workspace\open\src\hotspot\share\interpreter\linkResolver.cpp, line 766]
Event: 3.797 Thread 0x0000019c2f965e00 Exception <a 'java/lang/NoSuchMethodError'{0x00000007136eeee0}: 'int java.lang.invoke.DirectMethodHandle$Holder.invokeInterface(java.lang.Object, java.lang.Object)'> (0x00000007136eeee0) 
thrown [t:\workspace\open\src\hotspot\share\interpreter\linkResolver.cpp, line 766]
Event: 3.817 Thread 0x0000019c2f965e00 Exception <a 'java/lang/NoSuchMethodError'{0x0000000713716940}: 'void java.lang.invoke.DirectMethodHandle$Holder.invokeSpecial(java.lang.Object, java.lang.Object, java.lang.Object, java.lang.Object, java.lang.Object)'> (0x0000000713716940) 
thrown [t:\workspace\open\src\hotspot\share\interpreter\linkResolver.cpp, line 766]
Event: 3.919 Thread 0x0000019c2f965e00 Implicit null exception at 0x0000019c3ec52a94 to 0x0000019c3ec52ebc
Event: 4.021 Thread 0x0000019c2f965e00 Exception <a 'java/lang/NoSuchMethodError'{0x0000000712e62818}: 'void java.lang.invoke.DirectMethodHandle$Holder.invokeSpecial(java.lang.Object, java.lang.Object, java.lang.Object, java.lang.Object, java.lang.Object, java.lang.Object)'> (0x0000000712e62818) 
thrown [t:\workspace\open\src\hotspot\share\interpreter\linkResolver.cpp, line 766]
Event: 4.069 Thread 0x0000019c2f965e00 Exception <a 'java/lang/NoSuchMethodError'{0x0000000712f2b408}: 'java.lang.Object java.lang.invoke.DirectMethodHandle$Holder.invokeSpecial(java.lang.Object, java.lang.Object, java.lang.Object, int, java.lang.Object)'> (0x0000000712f2b408) 
thrown [t:\workspace\open\src\hotspot\share\interpreter\linkResolver.cpp, line 766]
Event: 4.070 Thread 0x0000019c2f965e00 Exception <a 'java/lang/NoSuchMethodError'{0x0000000712f33a68}: 'java.lang.Object java.lang.invoke.DirectMethodHandle$Holder.newInvokeSpecial(java.lang.Object, java.lang.Object, java.lang.Object, int, java.lang.Object)'> (0x0000000712f33a68) 
thrown [t:\workspace\open\src\hotspot\share\interpreter\linkResolver.cpp, line 766]
Event: 4.071 Thread 0x0000019c2f965e00 Exception <a 'java/lang/NoSuchMethodError'{0x0000000712f3b438}: 'java.lang.Object java.lang.invoke.Invokers$Holder.linkToTargetMethod(java.lang.Object, java.lang.Object, int, java.lang.Object, java.lang.Object)'> (0x0000000712f3b438) 
thrown [t:\workspace\open\src\hotspot\share\interpreter\linkResolver.cpp, line 766]
Event: 4.073 Thread 0x0000019c2f965e00 Exception <a 'java/lang/NoSuchMethodError'{0x0000000712f4b2c0}: 'java.lang.Object java.lang.invoke.DirectMethodHandle$Holder.newInvokeSpecial(java.lang.Object, int, java.lang.Object)'> (0x0000000712f4b2c0) 
thrown [t:\workspace\open\src\hotspot\share\interpreter\linkResolver.cpp, line 766]
Event: 4.074 Thread 0x0000019c2f965e00 Exception <a 'java/lang/NoSuchMethodError'{0x0000000712f4ffa0}: 'int java.lang.invoke.DirectMethodHandle$Holder.invokeSpecialIFC(java.lang.Object, java.lang.Object, java.lang.Object, java.lang.Object)'> (0x0000000712f4ffa0) 
thrown [t:\workspace\open\src\hotspot\share\interpreter\linkResolver.cpp, line 766]
Event: 4.120 Thread 0x0000019c2f965e00 Exception <a 'java/lang/NoSuchMethodError'{0x0000000712c19fe0}: 'void java.lang.invoke.DirectMethodHandle$Holder.invokeInterface(java.lang.Object, java.lang.Object, java.lang.Object)'> (0x0000000712c19fe0) 
thrown [t:\workspace\open\src\hotspot\share\interpreter\linkResolver.cpp, line 766]
Event: 4.179 Thread 0x0000019c2f965e00 Exception <a 'java/lang/NoSuchMethodError'{0x0000000712cba6b0}: 'java.lang.Object java.lang.invoke.DirectMethodHandle$Holder.invokeStatic(java.lang.Object, java.lang.Object, int)'> (0x0000000712cba6b0) 
thrown [t:\workspace\open\src\hotspot\share\interpreter\linkResolver.cpp, line 766]
Event: 4.181 Thread 0x0000019c2f965e00 Exception <a 'java/lang/NoSuchMethodError'{0x0000000712cc60c8}: 'void java.lang.invoke.DelegatingMethodHandle$Holder.delegate(java.lang.Object, java.lang.Object, int, java.lang.Object)'> (0x0000000712cc60c8) 
thrown [t:\workspace\open\src\hotspot\share\interpreter\linkResolver.cpp, line 766]

VM Operations (20 events):
Event: 1.449 Executing VM operation: HandshakeAllThreads
Event: 1.449 Executing VM operation: HandshakeAllThreads done
Event: 1.670 Executing VM operation: HandshakeAllThreads
Event: 1.670 Executing VM operation: HandshakeAllThreads done
Event: 1.698 Executing VM operation: HandshakeAllThreads
Event: 1.698 Executing VM operation: HandshakeAllThreads done
Event: 1.721 Executing VM operation: G1CollectForAllocation
Event: 1.729 Executing VM operation: G1CollectForAllocation done
Event: 1.878 Executing VM operation: HandshakeAllThreads
Event: 1.878 Executing VM operation: HandshakeAllThreads done
Event: 2.135 Executing VM operation: HandshakeAllThreads
Event: 2.135 Executing VM operation: HandshakeAllThreads done
Event: 3.136 Executing VM operation: Cleanup
Event: 3.136 Executing VM operation: Cleanup done
Event: 3.167 Executing VM operation: HandshakeAllThreads
Event: 3.167 Executing VM operation: HandshakeAllThreads done
Event: 4.173 Executing VM operation: Cleanup
Event: 4.174 Executing VM operation: Cleanup done
Event: 4.178 Executing VM operation: HandshakeAllThreads
Event: 4.178 Executing VM operation: HandshakeAllThreads done

Events (20 events):
Event: 4.006 loading class java/util/TreeMap$NavigableSubMap$SubMapIterator done
Event: 4.006 loading class java/util/TreeMap$NavigableSubMap$DescendingSubMapKeyIterator done
Event: 4.040 loading class java/util/stream/MatchOps$1MatchSink
Event: 4.040 loading class java/util/stream/MatchOps$1MatchSink done
Event: 4.057 loading class sun/reflect/generics/scope/ConstructorScope
Event: 4.057 loading class sun/reflect/generics/scope/ConstructorScope done
Event: 4.057 loading class sun/reflect/generics/repository/ConstructorRepository
Event: 4.057 loading class sun/reflect/generics/repository/ConstructorRepository done
Event: 4.057 loading class sun/reflect/generics/tree/VoidDescriptor
Event: 4.057 loading class sun/reflect/generics/tree/VoidDescriptor done
Event: 4.057 loading class sun/reflect/generics/tree/MethodTypeSignature
Event: 4.057 loading class sun/reflect/generics/tree/MethodTypeSignature done
Event: 4.190 loading class java/beans/Introspector
Event: 4.190 loading class java/beans/Introspector done
Event: 4.191 loading class java/beans/EventSetDescriptor
Event: 4.191 loading class java/beans/EventSetDescriptor done
Event: 4.191 loading class java/beans/Introspector$1
Event: 4.191 loading class jdk/internal/access/JavaBeansAccess
Event: 4.191 loading class jdk/internal/access/JavaBeansAccess done
Event: 4.191 loading class java/beans/Introspector$1 done


Dynamic libraries:
0x00007ff689e20000 - 0x00007ff689e2e000 	C:\OpenJDK-17.0.1\jdk-17.0.1\bin\java.exe
0x00007ff8918d0000 - 0x00007ff891ac8000 	C:\Windows\SYSTEM32\ntdll.dll
0x00007ff88fc70000 - 0x00007ff88fd31000 	C:\Windows\System32\KERNEL32.DLL
0x00007ff88f210000 - 0x00007ff88f50d000 	C:\Windows\System32\KERNELBASE.dll
0x00007ff88f110000 - 0x00007ff88f210000 	C:\Windows\System32\ucrtbase.dll
0x00007ff883370000 - 0x00007ff883388000 	C:\OpenJDK-17.0.1\jdk-17.0.1\bin\jli.dll
0x00007ff883e70000 - 0x00007ff883e8a000 	C:\OpenJDK-17.0.1\jdk-17.0.1\bin\VCRUNTIME140.dll
0x00007ff88fab0000 - 0x00007ff88fc4d000 	C:\Windows\System32\USER32.dll
0x00007ff88ef80000 - 0x00007ff88efa2000 	C:\Windows\System32\win32u.dll
0x00007ff868cf0000 - 0x00007ff868f8a000 	C:\Windows\WinSxS\amd64_microsoft.windows.common-controls_6595b64144ccf1df_6.0.19041.4355_none_60b8b9eb71f62e16\COMCTL32.dll
0x00007ff891500000 - 0x00007ff89152b000 	C:\Windows\System32\GDI32.dll
0x00007ff88f6c0000 - 0x00007ff88f7d7000 	C:\Windows\System32\gdi32full.dll
0x00007ff891030000 - 0x00007ff8910ce000 	C:\Windows\System32\msvcrt.dll
0x00007ff88f620000 - 0x00007ff88f6bd000 	C:\Windows\System32\msvcp_win.dll
0x00007ff8914b0000 - 0x00007ff8914df000 	C:\Windows\System32\IMM32.DLL
0x0000019c2d8b0000 - 0x0000019c2d8c4000 	C:\Windows\System32\umppc18410.dll
0x0000019c2f0a0000 - 0x0000019c2f0b2000 	C:\Windows\System32\CsXumd64_18410.dll
0x00007ff887500000 - 0x00007ff88750c000 	C:\OpenJDK-17.0.1\jdk-17.0.1\bin\vcruntime140_1.dll
0x00007ff860750000 - 0x00007ff8607dd000 	C:\OpenJDK-17.0.1\jdk-17.0.1\bin\msvcp140.dll
0x00007ffff5b70000 - 0x00007ffff672e000 	C:\OpenJDK-17.0.1\jdk-17.0.1\bin\server\jvm.dll
0x00007ff8911a0000 - 0x00007ff891250000 	C:\Windows\System32\ADVAPI32.dll
0x00007ff88fd40000 - 0x00007ff88fde0000 	C:\Windows\System32\sechost.dll
0x00007ff891250000 - 0x00007ff891373000 	C:\Windows\System32\RPCRT4.dll
0x00007ff88f5f0000 - 0x00007ff88f617000 	C:\Windows\System32\bcrypt.dll
0x00007ff8916b0000 - 0x00007ff8916b8000 	C:\Windows\System32\PSAPI.DLL
0x00007ff869d70000 - 0x00007ff869d79000 	C:\Windows\SYSTEM32\WSOCK32.dll
0x00007ff890e60000 - 0x00007ff890ecb000 	C:\Windows\System32\WS2_32.dll
0x00007ff879bb0000 - 0x00007ff879bd7000 	C:\Windows\SYSTEM32\WINMM.dll
0x00007ff882f30000 - 0x00007ff882f3a000 	C:\Windows\SYSTEM32\VERSION.dll
0x00007ff88d8c0000 - 0x00007ff88d8d2000 	C:\Windows\SYSTEM32\kernel.appcore.dll
0x00007ff887420000 - 0x00007ff88742a000 	C:\OpenJDK-17.0.1\jdk-17.0.1\bin\jimage.dll
0x00007ff88d2e0000 - 0x00007ff88d4c4000 	C:\Windows\SYSTEM32\DBGHELP.DLL
0x00007ff883020000 - 0x00007ff883054000 	C:\Windows\SYSTEM32\dbgcore.DLL
0x00007ff88f510000 - 0x00007ff88f592000 	C:\Windows\System32\bcryptPrimitives.dll
0x00007ff876070000 - 0x00007ff87607e000 	C:\OpenJDK-17.0.1\jdk-17.0.1\bin\instrument.dll
0x00007ff87f5f0000 - 0x00007ff87f615000 	C:\OpenJDK-17.0.1\jdk-17.0.1\bin\java.dll
0x00007ff840cb0000 - 0x00007ff840d86000 	C:\OpenJDK-17.0.1\jdk-17.0.1\bin\svml.dll
0x00007ff88fde0000 - 0x00007ff89054f000 	C:\Windows\System32\SHELL32.dll
0x00007ff88c6f0000 - 0x00007ff88ce8f000 	C:\Windows\SYSTEM32\windows.storage.dll
0x00007ff890b00000 - 0x00007ff890e53000 	C:\Windows\System32\combase.dll
0x00007ff88e9a0000 - 0x00007ff88e9ce000 	C:\Windows\SYSTEM32\Wldp.dll
0x00007ff8910d0000 - 0x00007ff89119d000 	C:\Windows\System32\OLEAUT32.dll
0x00007ff890f80000 - 0x00007ff89102d000 	C:\Windows\System32\SHCORE.dll
0x00007ff891650000 - 0x00007ff8916a5000 	C:\Windows\System32\shlwapi.dll
0x00007ff88eeb0000 - 0x00007ff88eed4000 	C:\Windows\SYSTEM32\profapi.dll
0x00007ff87f6a0000 - 0x00007ff87f6b8000 	C:\OpenJDK-17.0.1\jdk-17.0.1\bin\zip.dll
0x00007ff87fe40000 - 0x00007ff87fe59000 	C:\OpenJDK-17.0.1\jdk-17.0.1\bin\net.dll
0x00007ff88df30000 - 0x00007ff88e03d000 	C:\Windows\SYSTEM32\WINHTTP.dll
0x00007ff88e700000 - 0x00007ff88e76a000 	C:\Windows\system32\mswsock.dll
0x00007ff87f830000 - 0x00007ff87f845000 	C:\OpenJDK-17.0.1\jdk-17.0.1\bin\nio.dll
0x00007ff868960000 - 0x00007ff86897a000 	C:\Users\284710\AppData\Local\JetBrains\IntelliJ IDEA Community Edition 2024.1.4\bin\breakgen64.dll
0x00007ff88e390000 - 0x00007ff88e3cb000 	C:\Windows\SYSTEM32\IPHLPAPI.DLL
0x00007ff8914e0000 - 0x00007ff8914e8000 	C:\Windows\System32\NSI.dll
0x00007ff885a50000 - 0x00007ff885a67000 	C:\Windows\SYSTEM32\dhcpcsvc6.DLL
0x00007ff885a30000 - 0x00007ff885a4d000 	C:\Windows\SYSTEM32\dhcpcsvc.DLL
0x00007ff88e3d0000 - 0x00007ff88e49a000 	C:\Windows\SYSTEM32\DNSAPI.dll

dbghelp: loaded successfully - version: 4.0.5 - missing functions: none
symbol engine: initialized successfully - sym options: 0x614 - pdb path: .;C:\OpenJDK-17.0.1\jdk-17.0.1\bin;C:\Windows\SYSTEM32;C:\Windows\WinSxS\amd64_microsoft.windows.common-controls_6595b64144ccf1df_6.0.19041.4355_none_60b8b9eb71f62e16;C:\OpenJDK-17.0.1\jdk-17.0.1\bin\server;C:\Users\284710\AppData\Local\JetBrains\IntelliJ IDEA Community Edition 2024.1.4\bin

VM Arguments:
jvm_args: -javaagent:C:\Users\284710\AppData\Local\JetBrains\IntelliJ IDEA Community Edition 2024.1.4\lib\idea_rt.jar=55114:C:\Users\284710\AppData\Local\JetBrains\IntelliJ IDEA Community Edition 2024.1.4\bin -Dfile.encoding=UTF-8 
java_command: com.ust.ApiGateway.ApiGatewayApplication
java_class_path (initial): C:\Users\284710\Desktop\PlanItRight\Backend\PlanItRight\Gateway\target\classes;C:\Users\284710\.m2\repository\org\springframework\cloud\spring-cloud-starter-gateway\4.1.5\spring-cloud-starter-gateway-4.1.5.jar;C:\Users\284710\.m2\repository\org\springframework\cloud\spring-cloud-starter\4.1.4\spring-cloud-starter-4.1.4.jar;C:\Users\284710\.m2\repository\org\springframework\cloud\spring-cloud-context\4.1.4\spring-cloud-context-4.1.4.jar;C:\Users\284710\.m2\repository\org\springframework\security\spring-security-crypto\6.3.1\spring-security-crypto-6.3.1.jar;C:\Users\284710\.m2\repository\org\springframework\cloud\spring-cloud-commons\4.1.4\spring-cloud-commons-4.1.4.jar;C:\Users\284710\.m2\repository\org\springframework\security\spring-security-rsa\1.1.3\spring-security-rsa-1.1.3.jar;C:\Users\284710\.m2\repository\org\bouncycastle\bcprov-jdk18on\1.78\bcprov-jdk18on-1.78.jar;C:\Users\284710\.m2\repository\org\springframework\cloud\spring-cloud-gateway-server\4.1.5\spring-cloud-gateway-server-4.1.5.jar;C:\Users\284710\.m2\repository\org\springframework\boot\spring-boot-starter-validation\3.3.2\spring-boot-starter-validation-3.3.2.jar;C:\Users\284710\.m2\repository\org\apache\tomcat\embed\tomcat-embed-el\10.1.26\tomcat-embed-el-10.1.26.jar;C:\Users\284710\.m2\repository\org\hibernate\validator\hibernate-validator\8.0.1.Final\hibernate-validator-8.0.1.Final.jar;C:\Users\284710\.m2\repository\jakarta\validation\jakarta.validation-api\3.0.2\jakarta.validation-api-3.0.2.jar;C:\Users\284710\.m2\repository\org\jboss\logging\jboss-logging\3.5.3.Final\jboss-logging-3.5.3.Final.jar;C:\Users\284710\.m2\repository\com\fasterxml\classmate\1.7.0\classmate-1.7.0.jar;C:\Users\284710\.m2\repository\io\projectreactor\addons\reactor-extra\3.5.1\reactor-extra-3.5.1.jar;C:\Users\284710\.m2\repository\org\springframework\boot\spring-boot-starter-webflux\3.3.2\spring-boot-starter-webflux-3.3.2.jar;C:\Users\284710\.m2\repository\org\springframework\boot\spring-boot
Launcher Type: SUN_STANDARD

[Global flags]
     intx CICompilerCount                          = 4                                         {product} {ergonomic}
     uint ConcGCThreads                            = 2                                         {product} {ergonomic}
     uint G1ConcRefinementThreads                  = 8                                         {product} {ergonomic}
   size_t G1HeapRegionSize                         = 2097152                                   {product} {ergonomic}
    uintx GCDrainStackTargetSize                   = 64                                        {product} {ergonomic}
   size_t InitialHeapSize                          = 264241152                                 {product} {ergonomic}
   size_t MarkStackSize                            = 4194304                                   {product} {ergonomic}
   size_t MaxHeapSize                              = 4213178368                                {product} {ergonomic}
   size_t MaxNewSize                               = 2527068160                                {product} {ergonomic}
   size_t MinHeapDeltaBytes                        = 2097152                                   {product} {ergonomic}
   size_t MinHeapSize                              = 8388608                                   {product} {ergonomic}
    uintx NonNMethodCodeHeapSize                   = 5839372                                {pd product} {ergonomic}
    uintx NonProfiledCodeHeapSize                  = 122909434                              {pd product} {ergonomic}
    uintx ProfiledCodeHeapSize                     = 122909434                              {pd product} {ergonomic}
    uintx ReservedCodeCacheSize                    = 251658240                              {pd product} {ergonomic}
     bool SegmentedCodeCache                       = true                                      {product} {ergonomic}
   size_t SoftMaxHeapSize                          = 4213178368                             {manageable} {ergonomic}
     bool UseCompressedClassPointers               = true                           {product lp64_product} {ergonomic}
     bool UseCompressedOops                        = true                           {product lp64_product} {ergonomic}
     bool UseG1GC                                  = true                                      {product} {ergonomic}
     bool UseLargePagesIndividualAllocation        = false                                  {pd product} {ergonomic}

Logging:
Log output configuration:
 #0: stdout all=warning uptime,level,tags
 #1: stderr all=off uptime,level,tags

Environment Variables:
JAVA_HOME=C:\OpenJDK-17.0.1\jdk-17.0.1
PATH=C:\Windows\system32;C:\Windows;C:\Windows\System32\Wbem;C:\Windows\System32\WindowsPowerShell\v1.0\;C:\Windows\System32\OpenSSH\;C:\Windows\CCM;C:\Windows\CCM;C:\Windows\system32\config\systemprofile\AppData\Local\Microsoft\WindowsApps;C:\OpenJDK-17.0.1\jdk-17.0.1\bin;C:\Program Files\Git\cmd;C:\Program Files\Kubernetes\Minikube;C:\Program Files\PuTTY\;C:\Users\284710\AppData\Local\Microsoft\WindowsApps;C:\Users\284710\AppData\Local\Programs\Microsoft VS Code\bin;C:\Users\284710\Downloads\apache-maven-3.9.8-bin\apache-maven-3.9.8\bin;C:\node-v20.16.0-win-x64;;C:\Users\284710\AppData\Local\JetBrains\IntelliJ IDEA Community Edition 2024.1.4\bin;
USERNAME=284710
OS=Windows_NT
PROCESSOR_IDENTIFIER=Intel64 Family 6 Model 140 Stepping 1, GenuineIntel



---------------  S Y S T E M  ---------------

OS:
 Windows 10 , 64 bit Build 19041 (10.0.19041.4717)
OS uptime: 7 days 17:26 hours

CPU: total 8 (initial active 8) (4 cores per cpu, 2 threads per core) family 6 model 140 stepping 1 microcode 0xb6, cx8, cmov, fxsr, ht, mmx, 3dnowpref, sse, sse2, sse3, ssse3, sse4.1, sse4.2, popcnt, lzcnt, tsc, tscinvbit, avx, avx2, aes, erms, clmul, bmi1, bmi2, adx, avx512f, avx512dq, avx512cd, avx512bw, avx512vl, sha, fma, vzeroupper, avx512_vpopcntdq, avx512_vpclmulqdq, avx512_vaes, avx512_vnni, clflush, clflushopt, clwb, avx512_vbmi2, avx512_vbmi

Memory: 4k page, system-wide physical 16064M (578M free)
TotalPageFile size 46316M (AvailPageFile size 5M)
current process WorkingSet (physical memory assigned to process): 95M, peak: 95M
current process commit charge ("private bytes"): 367M, peak: 367M

vm_info: OpenJDK 64-Bit Server VM (17.0.1+12-39) for windows-amd64 JRE (17.0.1+12-39), built on Sep 27 2021 18:39:29 by "mach5one" with MS VC++ 16.8 (VS2019)

END.
